# JRE version: OpenJDK Runtime Environment (8.0_442-b06) (build 1.8.0_442-b06)
# Java VM: OpenJDK 64-Bit Server VM (25.442-b06 mixed mode windows-amd64 compressed oops)
Heap:
 PSYoungGen      total 228352K, used 112246K [0x0000000716500000, 0x0000000725600000, 0x00000007c0000000)
  eden space 224256K, 50% used [0x0000000716500000,0x000000071d29d8b8,0x0000000724000000)
  from space 4096K, 0% used [0x0000000725200000,0x0000000725200000,0x0000000725600000)
  to   space 11264K, 0% used [0x0000000724000000,0x0000000724000000,0x0000000724b00000)
 ParOldGen       total 293888K, used 82043K [0x00000005c2e00000, 0x00000005d4d00000, 0x0000000716500000)
  object space 293888K, 27% used [0x00000005c2e00000,0x00000005c7e1ede8,0x00000005d4d00000)
 Metaspace       used 108842K, capacity 116392K, committed 116736K, reserved 1153024K
  class space    used 11231K, capacity 12930K, committed 13056K, reserved 1048576K
GC Heap History (10 events):
Event: 3872.609 GC heap before
{Heap before GC invocations=92 (full 41):
 PSYoungGen      total 240640K, used 5792K [0x0000000716500000, 0x0000000725e00000, 0x00000007c0000000)
  eden space 234496K, 0% used [0x0000000716500000,0x0000000716500000,0x0000000724a00000)
  from space 6144K, 94% used [0x0000000724d00000,0x00000007252a8030,0x0000000725300000)
  to   space 10240K, 0% used [0x0000000725400000,0x0000000725400000,0x0000000725e00000)
 ParOldGen       total 293888K, used 77418K [0x00000005c2e00000, 0x00000005d4d00000, 0x0000000716500000)
  object space 293888K, 26% used [0x00000005c2e00000,0x00000005c799a980,0x00000005d4d00000)
 Metaspace       used 104795K, capacity 112276K, committed 112384K, reserved 1148928K
  class space    used 10863K, capacity 12446K, committed 12544K, reserved 1048576K
Event: 3872.705 GC heap after
Heap after GC invocations=92 (full 41):
 PSYoungGen      total 240640K, used 0K [0x0000000716500000, 0x0000000725e00000, 0x00000007c0000000)
  eden space 234496K, 0% used [0x0000000716500000,0x0000000716500000,0x0000000724a00000)
  from space 6144K, 0% used [0x0000000724d00000,0x0000000724d00000,0x0000000725300000)
  to   space 10240K, 0% used [0x0000000725400000,0x0000000725400000,0x0000000725e00000)
 ParOldGen       total 293888K, used 77887K [0x00000005c2e00000, 0x00000005d4d00000, 0x0000000716500000)
  object space 293888K, 26% used [0x00000005c2e00000,0x00000005c7a0fef0,0x00000005d4d00000)
 Metaspace       used 104765K, capacity 112228K, committed 112384K, reserved 1148928K
  class space    used 10858K, capacity 12438K, committed 12544K, reserved 1048576K
}
Event: 3958.567 GC heap before
{Heap before GC invocations=93 (full 41):
 PSYoungGen      total 240640K, used 234496K [0x0000000716500000, 0x0000000725e00000, 0x00000007c0000000)
  eden space 234496K, 100% used [0x0000000716500000,0x0000000724a00000,0x0000000724a00000)
  from space 6144K, 0% used [0x0000000724d00000,0x0000000724d00000,0x0000000725300000)
  to   space 10240K, 0% used [0x0000000725400000,0x0000000725400000,0x0000000725e00000)
 ParOldGen       total 293888K, used 77887K [0x00000005c2e00000, 0x00000005d4d00000, 0x0000000716500000)
  object space 293888K, 26% used [0x00000005c2e00000,0x00000005c7a0fef0,0x00000005d4d00000)
 Metaspace       used 106069K, capacity 113648K, committed 113792K, reserved 1150976K
  class space    used 10988K, capacity 12623K, committed 12672K, reserved 1048576K
Event: 3958.571 GC heap after
Heap after GC invocations=93 (full 41):
 PSYoungGen      total 238592K, used 9212K [0x0000000716500000, 0x0000000725d00000, 0x00000007c0000000)
  eden space 229376K, 0% used [0x0000000716500000,0x0000000716500000,0x0000000724500000)
  from space 9216K, 99% used [0x0000000725400000,0x0000000725cff200,0x0000000725d00000)
  to   space 10752K, 0% used [0x0000000724800000,0x0000000724800000,0x0000000725280000)
 ParOldGen       total 293888K, used 77895K [0x00000005c2e00000, 0x00000005d4d00000, 0x0000000716500000)
  object space 293888K, 26% used [0x00000005c2e00000,0x00000005c7a11ef0,0x00000005d4d00000)
 Metaspace       used 106069K, capacity 113648K, committed 113792K, reserved 1150976K
  class space    used 10988K, capacity 12623K, committed 12672K, reserved 1048576K
}
Event: 3960.939 GC heap before
{Heap before GC invocations=94 (full 41):
 PSYoungGen      total 238592K, used 238588K [0x0000000716500000, 0x0000000725d00000, 0x00000007c0000000)
  eden space 229376K, 100% used [0x0000000716500000,0x0000000724500000,0x0000000724500000)
  from space 9216K, 99% used [0x0000000725400000,0x0000000725cff200,0x0000000725d00000)
  to   space 10752K, 0% used [0x0000000724800000,0x0000000724800000,0x0000000725280000)
 ParOldGen       total 293888K, used 77895K [0x00000005c2e00000, 0x00000005d4d00000, 0x0000000716500000)
  object space 293888K, 26% used [0x00000005c2e00000,0x00000005c7a11ef0,0x00000005d4d00000)
 Metaspace       used 107443K, capacity 115134K, committed 115200K, reserved 1150976K
  class space    used 11103K, capacity 12774K, committed 12800K, reserved 1048576K
Event: 3960.943 GC heap after
Heap after GC invocations=94 (full 41):
 PSYoungGen      total 234496K, used 10113K [0x0000000716500000, 0x0000000725600000, 0x00000007c0000000)
  eden space 224256K, 0% used [0x0000000716500000,0x0000000716500000,0x0000000724000000)
  from space 10240K, 98% used [0x0000000724800000,0x00000007251e05f8,0x0000000725200000)
  to   space 4096K, 0% used [0x0000000725200000,0x0000000725200000,0x0000000725600000)
 ParOldGen       total 293888K, used 77903K [0x00000005c2e00000, 0x00000005d4d00000, 0x0000000716500000)
  object space 293888K, 26% used [0x00000005c2e00000,0x00000005c7a13ef0,0x00000005d4d00000)
 Metaspace       used 107443K, capacity 115134K, committed 115200K, reserved 1150976K
  class space    used 11103K, capacity 12774K, committed 12800K, reserved 1048576K
}
Event: 4001.035 GC heap before
{Heap before GC invocations=95 (full 41):
 PSYoungGen      total 234496K, used 170108K [0x0000000716500000, 0x0000000725600000, 0x00000007c0000000)
  eden space 224256K, 71% used [0x0000000716500000,0x000000072013ea28,0x0000000724000000)
  from space 10240K, 98% used [0x0000000724800000,0x00000007251e05f8,0x0000000725200000)
  to   space 4096K, 0% used [0x0000000725200000,0x0000000725200000,0x0000000725600000)
 ParOldGen       total 293888K, used 77903K [0x00000005c2e00000, 0x00000005d4d00000, 0x0000000716500000)
  object space 293888K, 26% used [0x00000005c2e00000,0x00000005c7a13ef0,0x00000005d4d00000)
 Metaspace       used 108257K, capacity 115956K, committed 116096K, reserved 1153024K
  class space    used 11154K, capacity 12848K, committed 12928K, reserved 1048576K
Event: 4001.038 GC heap after
Heap after GC invocations=95 (full 41):
 PSYoungGen      total 228352K, used 4072K [0x0000000716500000, 0x0000000725600000, 0x00000007c0000000)
  eden space 224256K, 0% used [0x0000000716500000,0x0000000716500000,0x0000000724000000)
  from space 4096K, 99% used [0x0000000725200000,0x00000007255fa3d0,0x0000000725600000)
  to   space 11264K, 0% used [0x0000000724000000,0x0000000724000000,0x0000000724b00000)
 ParOldGen       total 293888K, used 82221K [0x00000005c2e00000, 0x00000005d4d00000, 0x0000000716500000)
  object space 293888K, 27% used [0x00000005c2e00000,0x00000005c7e4b6f8,0x00000005d4d00000)
 Metaspace       used 108257K, capacity 115956K, committed 116096K, reserved 1153024K
  class space    used 11154K, capacity 12848K, committed 12928K, reserved 1048576K
}
Event: 4001.039 GC heap before
{Heap before GC invocations=96 (full 42):
 PSYoungGen      total 228352K, used 4072K [0x0000000716500000, 0x0000000725600000, 0x00000007c0000000)
  eden space 224256K, 0% used [0x0000000716500000,0x0000000716500000,0x0000000724000000)
  from space 4096K, 99% used [0x0000000725200000,0x00000007255fa3d0,0x0000000725600000)
  to   space 11264K, 0% used [0x0000000724000000,0x0000000724000000,0x0000000724b00000)
 ParOldGen       total 293888K, used 82221K [0x00000005c2e00000, 0x00000005d4d00000, 0x0000000716500000)
  object space 293888K, 27% used [0x00000005c2e00000,0x00000005c7e4b6f8,0x00000005d4d00000)
 Metaspace       used 108257K, capacity 115956K, committed 116096K, reserved 1153024K
  class space    used 11154K, capacity 12848K, committed 12928K, reserved 1048576K
Event: 4001.343 GC heap after
Heap after GC invocations=96 (full 42):
 PSYoungGen      total 228352K, used 0K [0x0000000716500000, 0x0000000725600000, 0x00000007c0000000)
  eden space 224256K, 0% used [0x0000000716500000,0x0000000716500000,0x0000000724000000)
  from space 4096K, 0% used [0x0000000725200000,0x0000000725200000,0x0000000725600000)
  to   space 11264K, 0% used [0x0000000724000000,0x0000000724000000,0x0000000724b00000)
 ParOldGen       total 293888K, used 82043K [0x00000005c2e00000, 0x00000005d4d00000, 0x0000000716500000)
  object space 293888K, 27% used [0x00000005c2e00000,0x00000005c7e1ede8,0x00000005d4d00000)
 Metaspace       used 108174K, capacity 115824K, committed 116096K, reserved 1153024K
  class space    used 11142K, capacity 12826K, committed 12928K, reserved 1048576K
}

